ARM GAS  C:\Users\Kuna\AppData\Local\Temp\ccTduHdk.s 			page 1


   1              		.cpu cortex-m4
   2              		.arch armv7e-m
   3              		.fpu fpv4-sp-d16
   4              		.eabi_attribute 27, 1
   5              		.eabi_attribute 28, 1
   6              		.eabi_attribute 20, 1
   7              		.eabi_attribute 21, 1
   8              		.eabi_attribute 23, 3
   9              		.eabi_attribute 24, 1
  10              		.eabi_attribute 25, 1
  11              		.eabi_attribute 26, 1
  12              		.eabi_attribute 30, 1
  13              		.eabi_attribute 34, 1
  14              		.eabi_attribute 18, 4
  15              		.file	"main.c"
  16              		.text
  17              	.Ltext0:
  18              		.cfi_sections	.debug_frame
  19              		.section	.text.Error_Handler,"ax",%progbits
  20              		.align	1
  21              		.global	Error_Handler
  22              		.syntax unified
  23              		.thumb
  24              		.thumb_func
  26              	Error_Handler:
  27              	.LFB132:
  28              		.file 1 "Core/Src/main.c"
   1:Core/Src/main.c **** /* USER CODE BEGIN Header */
   2:Core/Src/main.c **** /**
   3:Core/Src/main.c ****   ******************************************************************************
   4:Core/Src/main.c ****   * @file           : main.c
   5:Core/Src/main.c ****   * @brief          : Main program body
   6:Core/Src/main.c ****   ******************************************************************************
   7:Core/Src/main.c ****   * @attention
   8:Core/Src/main.c ****   *
   9:Core/Src/main.c ****   * Copyright (c) 2021 STMicroelectronics.
  10:Core/Src/main.c ****   * All rights reserved.
  11:Core/Src/main.c ****   *
  12:Core/Src/main.c ****   * This software is licensed under terms that can be found in the LICENSE file
  13:Core/Src/main.c ****   * in the root directory of this software component.
  14:Core/Src/main.c ****   * If no LICENSE file comes with this software, it is provided AS-IS.
  15:Core/Src/main.c ****   *
  16:Core/Src/main.c ****   ******************************************************************************
  17:Core/Src/main.c ****   */
  18:Core/Src/main.c **** /* USER CODE END Header */
  19:Core/Src/main.c **** /* Includes ------------------------------------------------------------------*/
  20:Core/Src/main.c **** #include "main.h"
  21:Core/Src/main.c **** #include "tim.h"
  22:Core/Src/main.c **** #include "gpio.h"
  23:Core/Src/main.c **** 
  24:Core/Src/main.c **** /* Private includes ----------------------------------------------------------*/
  25:Core/Src/main.c **** /* USER CODE BEGIN Includes */
  26:Core/Src/main.c **** 
  27:Core/Src/main.c **** /* USER CODE END Includes */
  28:Core/Src/main.c **** 
  29:Core/Src/main.c **** /* Private typedef -----------------------------------------------------------*/
  30:Core/Src/main.c **** /* USER CODE BEGIN PTD */
ARM GAS  C:\Users\Kuna\AppData\Local\Temp\ccTduHdk.s 			page 2


  31:Core/Src/main.c **** 
  32:Core/Src/main.c **** /* USER CODE END PTD */
  33:Core/Src/main.c **** 
  34:Core/Src/main.c **** /* Private define ------------------------------------------------------------*/
  35:Core/Src/main.c **** /* USER CODE BEGIN PD */
  36:Core/Src/main.c **** /* USER CODE END PD */
  37:Core/Src/main.c **** 
  38:Core/Src/main.c **** /* Private macro -------------------------------------------------------------*/
  39:Core/Src/main.c **** /* USER CODE BEGIN PM */
  40:Core/Src/main.c **** 
  41:Core/Src/main.c **** /* USER CODE END PM */
  42:Core/Src/main.c **** 
  43:Core/Src/main.c **** /* Private variables ---------------------------------------------------------*/
  44:Core/Src/main.c **** 
  45:Core/Src/main.c **** /* USER CODE BEGIN PV */
  46:Core/Src/main.c **** 
  47:Core/Src/main.c **** /* USER CODE END PV */
  48:Core/Src/main.c **** 
  49:Core/Src/main.c **** /* Private function prototypes -----------------------------------------------*/
  50:Core/Src/main.c **** void SystemClock_Config(void);
  51:Core/Src/main.c **** /* USER CODE BEGIN PFP */
  52:Core/Src/main.c **** 
  53:Core/Src/main.c **** /* USER CODE END PFP */
  54:Core/Src/main.c **** 
  55:Core/Src/main.c **** /* Private user code ---------------------------------------------------------*/
  56:Core/Src/main.c **** /* USER CODE BEGIN 0 */
  57:Core/Src/main.c **** int main(void){
  58:Core/Src/main.c ****   HAL_Init();
  59:Core/Src/main.c ****   SystemClock_Config();
  60:Core/Src/main.c ****   MX_TIM2_Init();
  61:Core/Src/main.c ****   HAL_TIM_Base_Start_IT(&htim2);
  62:Core/Src/main.c ****   MX_GPIO_Init();
  63:Core/Src/main.c **** 
  64:Core/Src/main.c ****   while(1){
  65:Core/Src/main.c **** 
  66:Core/Src/main.c ****     timer2_wait_millisec(DELAY_MS);
  67:Core/Src/main.c ****     gpio_led_state( LED3_ORANGE_ID , 1); // turn on
  68:Core/Src/main.c ****     gpio_led_state( LED4_GREEN_ID , 1); // turn on
  69:Core/Src/main.c ****     gpio_led_state( LED5_RED_ID , 0); // turn off
  70:Core/Src/main.c ****     gpio_led_state( LED6_BLUE_ID , 0); // turn off
  71:Core/Src/main.c **** 
  72:Core/Src/main.c ****     timer2_wait_millisec(DELAY_MS);
  73:Core/Src/main.c ****     gpio_led_state( LED3_ORANGE_ID , 0); // turn off
  74:Core/Src/main.c ****     gpio_led_state( LED4_GREEN_ID , 0); // turn off
  75:Core/Src/main.c ****     gpio_led_state( LED5_RED_ID , 1); // turn on
  76:Core/Src/main.c ****     gpio_led_state( LED6_BLUE_ID , 1); // turn on
  77:Core/Src/main.c ****   }
  78:Core/Src/main.c **** }  
  79:Core/Src/main.c **** /* USER CODE END 0 */
  80:Core/Src/main.c **** 
  81:Core/Src/main.c **** /**
  82:Core/Src/main.c ****   * @brief  The application entry point.
  83:Core/Src/main.c ****   * @retval int
  84:Core/Src/main.c ****   */
  85:Core/Src/main.c **** 
  86:Core/Src/main.c **** // int main(void)
  87:Core/Src/main.c **** //{
ARM GAS  C:\Users\Kuna\AppData\Local\Temp\ccTduHdk.s 			page 3


  88:Core/Src/main.c ****   /* USER CODE BEGIN 1 */
  89:Core/Src/main.c **** 
  90:Core/Src/main.c ****   /* USER CODE END 1 */
  91:Core/Src/main.c **** 
  92:Core/Src/main.c ****   /* MCU Configuration-------------------------------------------------------- */
  93:Core/Src/main.c **** 
  94:Core/Src/main.c ****   /* Reset of all peripherals, Initializes the Flash interface and the Systick. */
  95:Core/Src/main.c ****  // HAL_Init(); 
  96:Core/Src/main.c **** 
  97:Core/Src/main.c ****   /* USER CODE BEGIN Init */
  98:Core/Src/main.c **** 
  99:Core/Src/main.c ****   /* USER CODE END Init */
 100:Core/Src/main.c **** 
 101:Core/Src/main.c ****   /* Configure the system clock */
 102:Core/Src/main.c ****  // SystemClock_Config();
 103:Core/Src/main.c **** 
 104:Core/Src/main.c ****   /* USER CODE BEGIN SysInit */
 105:Core/Src/main.c **** 
 106:Core/Src/main.c ****   /* USER CODE END SysInit */
 107:Core/Src/main.c **** 
 108:Core/Src/main.c ****   /* Initialize all configured peripherals */
 109:Core/Src/main.c ****  // MX_GPIO_Init();
 110:Core/Src/main.c ****  // MX_TIM2_Init();
 111:Core/Src/main.c ****   /* USER CODE BEGIN 2 */
 112:Core/Src/main.c **** 
 113:Core/Src/main.c ****   /* USER CODE END 2 */
 114:Core/Src/main.c **** 
 115:Core/Src/main.c ****   /* Infinite loop */
 116:Core/Src/main.c ****   /* USER CODE BEGIN WHILE */
 117:Core/Src/main.c ****   //while (1)
 118:Core/Src/main.c ****  // {
 119:Core/Src/main.c ****     /* USER CODE END WHILE */
 120:Core/Src/main.c **** 
 121:Core/Src/main.c ****     /* USER CODE BEGIN 3 */
 122:Core/Src/main.c ****  // }
 123:Core/Src/main.c ****   /* USER CODE END 3 */
 124:Core/Src/main.c **** //} 
 125:Core/Src/main.c **** 
 126:Core/Src/main.c **** 
 127:Core/Src/main.c **** /**
 128:Core/Src/main.c ****   * @brief System Clock Configuration
 129:Core/Src/main.c ****   * @retval None
 130:Core/Src/main.c ****   */
 131:Core/Src/main.c **** void SystemClock_Config(void)
 132:Core/Src/main.c **** {
 133:Core/Src/main.c ****   RCC_OscInitTypeDef RCC_OscInitStruct = {0};
 134:Core/Src/main.c ****   RCC_ClkInitTypeDef RCC_ClkInitStruct = {0};
 135:Core/Src/main.c **** 
 136:Core/Src/main.c ****   /** Configure the main internal regulator output voltage
 137:Core/Src/main.c ****   */
 138:Core/Src/main.c ****   __HAL_RCC_PWR_CLK_ENABLE();
 139:Core/Src/main.c ****   __HAL_PWR_VOLTAGESCALING_CONFIG(PWR_REGULATOR_VOLTAGE_SCALE1);
 140:Core/Src/main.c ****   /** Initializes the RCC Oscillators according to the specified parameters
 141:Core/Src/main.c ****   * in the RCC_OscInitTypeDef structure.
 142:Core/Src/main.c ****   */
 143:Core/Src/main.c ****   RCC_OscInitStruct.OscillatorType = RCC_OSCILLATORTYPE_HSE;
 144:Core/Src/main.c ****   RCC_OscInitStruct.HSEState = RCC_HSE_ON;
ARM GAS  C:\Users\Kuna\AppData\Local\Temp\ccTduHdk.s 			page 4


 145:Core/Src/main.c ****   RCC_OscInitStruct.PLL.PLLState = RCC_PLL_ON;
 146:Core/Src/main.c ****   RCC_OscInitStruct.PLL.PLLSource = RCC_PLLSOURCE_HSE;
 147:Core/Src/main.c ****   RCC_OscInitStruct.PLL.PLLM = 4;
 148:Core/Src/main.c ****   RCC_OscInitStruct.PLL.PLLN = 72;
 149:Core/Src/main.c ****   RCC_OscInitStruct.PLL.PLLP = RCC_PLLP_DIV2;
 150:Core/Src/main.c ****   RCC_OscInitStruct.PLL.PLLQ = 4;
 151:Core/Src/main.c ****   if (HAL_RCC_OscConfig(&RCC_OscInitStruct) != HAL_OK)
 152:Core/Src/main.c ****   {
 153:Core/Src/main.c ****     Error_Handler();
 154:Core/Src/main.c ****   }
 155:Core/Src/main.c ****   /** Initializes the CPU, AHB and APB buses clocks
 156:Core/Src/main.c ****   */
 157:Core/Src/main.c ****   RCC_ClkInitStruct.ClockType = RCC_CLOCKTYPE_HCLK|RCC_CLOCKTYPE_SYSCLK
 158:Core/Src/main.c ****                               |RCC_CLOCKTYPE_PCLK1|RCC_CLOCKTYPE_PCLK2;
 159:Core/Src/main.c ****   RCC_ClkInitStruct.SYSCLKSource = RCC_SYSCLKSOURCE_PLLCLK;
 160:Core/Src/main.c ****   RCC_ClkInitStruct.AHBCLKDivider = RCC_SYSCLK_DIV1;
 161:Core/Src/main.c ****   RCC_ClkInitStruct.APB1CLKDivider = RCC_HCLK_DIV2;
 162:Core/Src/main.c ****   RCC_ClkInitStruct.APB2CLKDivider = RCC_HCLK_DIV1;
 163:Core/Src/main.c **** 
 164:Core/Src/main.c ****   if (HAL_RCC_ClockConfig(&RCC_ClkInitStruct, FLASH_LATENCY_2) != HAL_OK)
 165:Core/Src/main.c ****   {
 166:Core/Src/main.c ****     Error_Handler();
 167:Core/Src/main.c ****   }
 168:Core/Src/main.c **** }
 169:Core/Src/main.c **** 
 170:Core/Src/main.c **** /* USER CODE BEGIN 4 */
 171:Core/Src/main.c **** 
 172:Core/Src/main.c **** /* USER CODE END 4 */
 173:Core/Src/main.c **** 
 174:Core/Src/main.c **** /**
 175:Core/Src/main.c ****   * @brief  This function is executed in case of error occurrence.
 176:Core/Src/main.c ****   * @retval None
 177:Core/Src/main.c ****   */
 178:Core/Src/main.c **** void Error_Handler(void)
 179:Core/Src/main.c **** {
  29              		.loc 1 179 1 view -0
  30              		.cfi_startproc
  31              		@ Volatile: function does not return.
  32              		@ args = 0, pretend = 0, frame = 0
  33              		@ frame_needed = 0, uses_anonymous_args = 0
  34              		@ link register save eliminated.
 180:Core/Src/main.c ****   /* USER CODE BEGIN Error_Handler_Debug */
 181:Core/Src/main.c ****   /* User can add his own implementation to report the HAL error return state */
 182:Core/Src/main.c ****   __disable_irq();
  35              		.loc 1 182 3 view .LVU1
  36              	.LBB4:
  37              	.LBI4:
  38              		.file 2 "Drivers/CMSIS/Include/cmsis_gcc.h"
   1:Drivers/CMSIS/Include/cmsis_gcc.h **** /**************************************************************************//**
   2:Drivers/CMSIS/Include/cmsis_gcc.h ****  * @file     cmsis_gcc.h
   3:Drivers/CMSIS/Include/cmsis_gcc.h ****  * @brief    CMSIS compiler GCC header file
   4:Drivers/CMSIS/Include/cmsis_gcc.h ****  * @version  V5.0.4
   5:Drivers/CMSIS/Include/cmsis_gcc.h ****  * @date     09. April 2018
   6:Drivers/CMSIS/Include/cmsis_gcc.h ****  ******************************************************************************/
   7:Drivers/CMSIS/Include/cmsis_gcc.h **** /*
   8:Drivers/CMSIS/Include/cmsis_gcc.h ****  * Copyright (c) 2009-2018 Arm Limited. All rights reserved.
   9:Drivers/CMSIS/Include/cmsis_gcc.h ****  *
ARM GAS  C:\Users\Kuna\AppData\Local\Temp\ccTduHdk.s 			page 5


  10:Drivers/CMSIS/Include/cmsis_gcc.h ****  * SPDX-License-Identifier: Apache-2.0
  11:Drivers/CMSIS/Include/cmsis_gcc.h ****  *
  12:Drivers/CMSIS/Include/cmsis_gcc.h ****  * Licensed under the Apache License, Version 2.0 (the License); you may
  13:Drivers/CMSIS/Include/cmsis_gcc.h ****  * not use this file except in compliance with the License.
  14:Drivers/CMSIS/Include/cmsis_gcc.h ****  * You may obtain a copy of the License at
  15:Drivers/CMSIS/Include/cmsis_gcc.h ****  *
  16:Drivers/CMSIS/Include/cmsis_gcc.h ****  * www.apache.org/licenses/LICENSE-2.0
  17:Drivers/CMSIS/Include/cmsis_gcc.h ****  *
  18:Drivers/CMSIS/Include/cmsis_gcc.h ****  * Unless required by applicable law or agreed to in writing, software
  19:Drivers/CMSIS/Include/cmsis_gcc.h ****  * distributed under the License is distributed on an AS IS BASIS, WITHOUT
  20:Drivers/CMSIS/Include/cmsis_gcc.h ****  * WARRANTIES OR CONDITIONS OF ANY KIND, either express or implied.
  21:Drivers/CMSIS/Include/cmsis_gcc.h ****  * See the License for the specific language governing permissions and
  22:Drivers/CMSIS/Include/cmsis_gcc.h ****  * limitations under the License.
  23:Drivers/CMSIS/Include/cmsis_gcc.h ****  */
  24:Drivers/CMSIS/Include/cmsis_gcc.h **** 
  25:Drivers/CMSIS/Include/cmsis_gcc.h **** #ifndef __CMSIS_GCC_H
  26:Drivers/CMSIS/Include/cmsis_gcc.h **** #define __CMSIS_GCC_H
  27:Drivers/CMSIS/Include/cmsis_gcc.h **** 
  28:Drivers/CMSIS/Include/cmsis_gcc.h **** /* ignore some GCC warnings */
  29:Drivers/CMSIS/Include/cmsis_gcc.h **** #pragma GCC diagnostic push
  30:Drivers/CMSIS/Include/cmsis_gcc.h **** #pragma GCC diagnostic ignored "-Wsign-conversion"
  31:Drivers/CMSIS/Include/cmsis_gcc.h **** #pragma GCC diagnostic ignored "-Wconversion"
  32:Drivers/CMSIS/Include/cmsis_gcc.h **** #pragma GCC diagnostic ignored "-Wunused-parameter"
  33:Drivers/CMSIS/Include/cmsis_gcc.h **** 
  34:Drivers/CMSIS/Include/cmsis_gcc.h **** /* Fallback for __has_builtin */
  35:Drivers/CMSIS/Include/cmsis_gcc.h **** #ifndef __has_builtin
  36:Drivers/CMSIS/Include/cmsis_gcc.h ****   #define __has_builtin(x) (0)
  37:Drivers/CMSIS/Include/cmsis_gcc.h **** #endif
  38:Drivers/CMSIS/Include/cmsis_gcc.h **** 
  39:Drivers/CMSIS/Include/cmsis_gcc.h **** /* CMSIS compiler specific defines */
  40:Drivers/CMSIS/Include/cmsis_gcc.h **** #ifndef   __ASM
  41:Drivers/CMSIS/Include/cmsis_gcc.h ****   #define __ASM                                  __asm
  42:Drivers/CMSIS/Include/cmsis_gcc.h **** #endif
  43:Drivers/CMSIS/Include/cmsis_gcc.h **** #ifndef   __INLINE
  44:Drivers/CMSIS/Include/cmsis_gcc.h ****   #define __INLINE                               inline
  45:Drivers/CMSIS/Include/cmsis_gcc.h **** #endif
  46:Drivers/CMSIS/Include/cmsis_gcc.h **** #ifndef   __STATIC_INLINE
  47:Drivers/CMSIS/Include/cmsis_gcc.h ****   #define __STATIC_INLINE                        static inline
  48:Drivers/CMSIS/Include/cmsis_gcc.h **** #endif
  49:Drivers/CMSIS/Include/cmsis_gcc.h **** #ifndef   __STATIC_FORCEINLINE                 
  50:Drivers/CMSIS/Include/cmsis_gcc.h ****   #define __STATIC_FORCEINLINE                   __attribute__((always_inline)) static inline
  51:Drivers/CMSIS/Include/cmsis_gcc.h **** #endif                                           
  52:Drivers/CMSIS/Include/cmsis_gcc.h **** #ifndef   __NO_RETURN
  53:Drivers/CMSIS/Include/cmsis_gcc.h ****   #define __NO_RETURN                            __attribute__((__noreturn__))
  54:Drivers/CMSIS/Include/cmsis_gcc.h **** #endif
  55:Drivers/CMSIS/Include/cmsis_gcc.h **** #ifndef   __USED
  56:Drivers/CMSIS/Include/cmsis_gcc.h ****   #define __USED                                 __attribute__((used))
  57:Drivers/CMSIS/Include/cmsis_gcc.h **** #endif
  58:Drivers/CMSIS/Include/cmsis_gcc.h **** #ifndef   __WEAK
  59:Drivers/CMSIS/Include/cmsis_gcc.h ****   #define __WEAK                                 __attribute__((weak))
  60:Drivers/CMSIS/Include/cmsis_gcc.h **** #endif
  61:Drivers/CMSIS/Include/cmsis_gcc.h **** #ifndef   __PACKED
  62:Drivers/CMSIS/Include/cmsis_gcc.h ****   #define __PACKED                               __attribute__((packed, aligned(1)))
  63:Drivers/CMSIS/Include/cmsis_gcc.h **** #endif
  64:Drivers/CMSIS/Include/cmsis_gcc.h **** #ifndef   __PACKED_STRUCT
  65:Drivers/CMSIS/Include/cmsis_gcc.h ****   #define __PACKED_STRUCT                        struct __attribute__((packed, aligned(1)))
  66:Drivers/CMSIS/Include/cmsis_gcc.h **** #endif
ARM GAS  C:\Users\Kuna\AppData\Local\Temp\ccTduHdk.s 			page 6


  67:Drivers/CMSIS/Include/cmsis_gcc.h **** #ifndef   __PACKED_UNION
  68:Drivers/CMSIS/Include/cmsis_gcc.h ****   #define __PACKED_UNION                         union __attribute__((packed, aligned(1)))
  69:Drivers/CMSIS/Include/cmsis_gcc.h **** #endif
  70:Drivers/CMSIS/Include/cmsis_gcc.h **** #ifndef   __UNALIGNED_UINT32        /* deprecated */
  71:Drivers/CMSIS/Include/cmsis_gcc.h ****   #pragma GCC diagnostic push
  72:Drivers/CMSIS/Include/cmsis_gcc.h ****   #pragma GCC diagnostic ignored "-Wpacked"
  73:Drivers/CMSIS/Include/cmsis_gcc.h ****   #pragma GCC diagnostic ignored "-Wattributes"
  74:Drivers/CMSIS/Include/cmsis_gcc.h ****   struct __attribute__((packed)) T_UINT32 { uint32_t v; };
  75:Drivers/CMSIS/Include/cmsis_gcc.h ****   #pragma GCC diagnostic pop
  76:Drivers/CMSIS/Include/cmsis_gcc.h ****   #define __UNALIGNED_UINT32(x)                  (((struct T_UINT32 *)(x))->v)
  77:Drivers/CMSIS/Include/cmsis_gcc.h **** #endif
  78:Drivers/CMSIS/Include/cmsis_gcc.h **** #ifndef   __UNALIGNED_UINT16_WRITE
  79:Drivers/CMSIS/Include/cmsis_gcc.h ****   #pragma GCC diagnostic push
  80:Drivers/CMSIS/Include/cmsis_gcc.h ****   #pragma GCC diagnostic ignored "-Wpacked"
  81:Drivers/CMSIS/Include/cmsis_gcc.h ****   #pragma GCC diagnostic ignored "-Wattributes"
  82:Drivers/CMSIS/Include/cmsis_gcc.h ****   __PACKED_STRUCT T_UINT16_WRITE { uint16_t v; };
  83:Drivers/CMSIS/Include/cmsis_gcc.h ****   #pragma GCC diagnostic pop
  84:Drivers/CMSIS/Include/cmsis_gcc.h ****   #define __UNALIGNED_UINT16_WRITE(addr, val)    (void)((((struct T_UINT16_WRITE *)(void *)(addr))-
  85:Drivers/CMSIS/Include/cmsis_gcc.h **** #endif
  86:Drivers/CMSIS/Include/cmsis_gcc.h **** #ifndef   __UNALIGNED_UINT16_READ
  87:Drivers/CMSIS/Include/cmsis_gcc.h ****   #pragma GCC diagnostic push
  88:Drivers/CMSIS/Include/cmsis_gcc.h ****   #pragma GCC diagnostic ignored "-Wpacked"
  89:Drivers/CMSIS/Include/cmsis_gcc.h ****   #pragma GCC diagnostic ignored "-Wattributes"
  90:Drivers/CMSIS/Include/cmsis_gcc.h ****   __PACKED_STRUCT T_UINT16_READ { uint16_t v; };
  91:Drivers/CMSIS/Include/cmsis_gcc.h ****   #pragma GCC diagnostic pop
  92:Drivers/CMSIS/Include/cmsis_gcc.h ****   #define __UNALIGNED_UINT16_READ(addr)          (((const struct T_UINT16_READ *)(const void *)(add
  93:Drivers/CMSIS/Include/cmsis_gcc.h **** #endif
  94:Drivers/CMSIS/Include/cmsis_gcc.h **** #ifndef   __UNALIGNED_UINT32_WRITE
  95:Drivers/CMSIS/Include/cmsis_gcc.h ****   #pragma GCC diagnostic push
  96:Drivers/CMSIS/Include/cmsis_gcc.h ****   #pragma GCC diagnostic ignored "-Wpacked"
  97:Drivers/CMSIS/Include/cmsis_gcc.h ****   #pragma GCC diagnostic ignored "-Wattributes"
  98:Drivers/CMSIS/Include/cmsis_gcc.h ****   __PACKED_STRUCT T_UINT32_WRITE { uint32_t v; };
  99:Drivers/CMSIS/Include/cmsis_gcc.h ****   #pragma GCC diagnostic pop
 100:Drivers/CMSIS/Include/cmsis_gcc.h ****   #define __UNALIGNED_UINT32_WRITE(addr, val)    (void)((((struct T_UINT32_WRITE *)(void *)(addr))-
 101:Drivers/CMSIS/Include/cmsis_gcc.h **** #endif
 102:Drivers/CMSIS/Include/cmsis_gcc.h **** #ifndef   __UNALIGNED_UINT32_READ
 103:Drivers/CMSIS/Include/cmsis_gcc.h ****   #pragma GCC diagnostic push
 104:Drivers/CMSIS/Include/cmsis_gcc.h ****   #pragma GCC diagnostic ignored "-Wpacked"
 105:Drivers/CMSIS/Include/cmsis_gcc.h ****   #pragma GCC diagnostic ignored "-Wattributes"
 106:Drivers/CMSIS/Include/cmsis_gcc.h ****   __PACKED_STRUCT T_UINT32_READ { uint32_t v; };
 107:Drivers/CMSIS/Include/cmsis_gcc.h ****   #pragma GCC diagnostic pop
 108:Drivers/CMSIS/Include/cmsis_gcc.h ****   #define __UNALIGNED_UINT32_READ(addr)          (((const struct T_UINT32_READ *)(const void *)(add
 109:Drivers/CMSIS/Include/cmsis_gcc.h **** #endif
 110:Drivers/CMSIS/Include/cmsis_gcc.h **** #ifndef   __ALIGNED
 111:Drivers/CMSIS/Include/cmsis_gcc.h ****   #define __ALIGNED(x)                           __attribute__((aligned(x)))
 112:Drivers/CMSIS/Include/cmsis_gcc.h **** #endif
 113:Drivers/CMSIS/Include/cmsis_gcc.h **** #ifndef   __RESTRICT
 114:Drivers/CMSIS/Include/cmsis_gcc.h ****   #define __RESTRICT                             __restrict
 115:Drivers/CMSIS/Include/cmsis_gcc.h **** #endif
 116:Drivers/CMSIS/Include/cmsis_gcc.h **** 
 117:Drivers/CMSIS/Include/cmsis_gcc.h **** 
 118:Drivers/CMSIS/Include/cmsis_gcc.h **** /* ###########################  Core Function Access  ########################### */
 119:Drivers/CMSIS/Include/cmsis_gcc.h **** /** \ingroup  CMSIS_Core_FunctionInterface
 120:Drivers/CMSIS/Include/cmsis_gcc.h ****     \defgroup CMSIS_Core_RegAccFunctions CMSIS Core Register Access Functions
 121:Drivers/CMSIS/Include/cmsis_gcc.h ****   @{
 122:Drivers/CMSIS/Include/cmsis_gcc.h ****  */
 123:Drivers/CMSIS/Include/cmsis_gcc.h **** 
ARM GAS  C:\Users\Kuna\AppData\Local\Temp\ccTduHdk.s 			page 7


 124:Drivers/CMSIS/Include/cmsis_gcc.h **** /**
 125:Drivers/CMSIS/Include/cmsis_gcc.h ****   \brief   Enable IRQ Interrupts
 126:Drivers/CMSIS/Include/cmsis_gcc.h ****   \details Enables IRQ interrupts by clearing the I-bit in the CPSR.
 127:Drivers/CMSIS/Include/cmsis_gcc.h ****            Can only be executed in Privileged modes.
 128:Drivers/CMSIS/Include/cmsis_gcc.h ****  */
 129:Drivers/CMSIS/Include/cmsis_gcc.h **** __STATIC_FORCEINLINE void __enable_irq(void)
 130:Drivers/CMSIS/Include/cmsis_gcc.h **** {
 131:Drivers/CMSIS/Include/cmsis_gcc.h ****   __ASM volatile ("cpsie i" : : : "memory");
 132:Drivers/CMSIS/Include/cmsis_gcc.h **** }
 133:Drivers/CMSIS/Include/cmsis_gcc.h **** 
 134:Drivers/CMSIS/Include/cmsis_gcc.h **** 
 135:Drivers/CMSIS/Include/cmsis_gcc.h **** /**
 136:Drivers/CMSIS/Include/cmsis_gcc.h ****   \brief   Disable IRQ Interrupts
 137:Drivers/CMSIS/Include/cmsis_gcc.h ****   \details Disables IRQ interrupts by setting the I-bit in the CPSR.
 138:Drivers/CMSIS/Include/cmsis_gcc.h ****            Can only be executed in Privileged modes.
 139:Drivers/CMSIS/Include/cmsis_gcc.h ****  */
 140:Drivers/CMSIS/Include/cmsis_gcc.h **** __STATIC_FORCEINLINE void __disable_irq(void)
  39              		.loc 2 140 27 view .LVU2
  40              	.LBB5:
 141:Drivers/CMSIS/Include/cmsis_gcc.h **** {
 142:Drivers/CMSIS/Include/cmsis_gcc.h ****   __ASM volatile ("cpsid i" : : : "memory");
  41              		.loc 2 142 3 view .LVU3
  42              		.syntax unified
  43              	@ 142 "Drivers/CMSIS/Include/cmsis_gcc.h" 1
  44 0000 72B6     		cpsid i
  45              	@ 0 "" 2
  46              		.thumb
  47              		.syntax unified
  48              	.L2:
  49              	.LBE5:
  50              	.LBE4:
 183:Core/Src/main.c ****   while (1)
  51              		.loc 1 183 3 discriminator 1 view .LVU4
 184:Core/Src/main.c ****   {
 185:Core/Src/main.c ****   }
  52              		.loc 1 185 3 discriminator 1 view .LVU5
 183:Core/Src/main.c ****   while (1)
  53              		.loc 1 183 9 discriminator 1 view .LVU6
  54 0002 FEE7     		b	.L2
  55              		.cfi_endproc
  56              	.LFE132:
  58              		.section	.text.SystemClock_Config,"ax",%progbits
  59              		.align	1
  60              		.global	SystemClock_Config
  61              		.syntax unified
  62              		.thumb
  63              		.thumb_func
  65              	SystemClock_Config:
  66              	.LFB131:
 132:Core/Src/main.c ****   RCC_OscInitTypeDef RCC_OscInitStruct = {0};
  67              		.loc 1 132 1 view -0
  68              		.cfi_startproc
  69              		@ args = 0, pretend = 0, frame = 80
  70              		@ frame_needed = 0, uses_anonymous_args = 0
  71 0000 00B5     		push	{lr}
  72              	.LCFI0:
  73              		.cfi_def_cfa_offset 4
ARM GAS  C:\Users\Kuna\AppData\Local\Temp\ccTduHdk.s 			page 8


  74              		.cfi_offset 14, -4
  75 0002 95B0     		sub	sp, sp, #84
  76              	.LCFI1:
  77              		.cfi_def_cfa_offset 88
 133:Core/Src/main.c ****   RCC_ClkInitTypeDef RCC_ClkInitStruct = {0};
  78              		.loc 1 133 3 view .LVU8
 133:Core/Src/main.c ****   RCC_ClkInitTypeDef RCC_ClkInitStruct = {0};
  79              		.loc 1 133 22 is_stmt 0 view .LVU9
  80 0004 3022     		movs	r2, #48
  81 0006 0021     		movs	r1, #0
  82 0008 08A8     		add	r0, sp, #32
  83 000a FFF7FEFF 		bl	memset
  84              	.LVL0:
 134:Core/Src/main.c **** 
  85              		.loc 1 134 3 is_stmt 1 view .LVU10
 134:Core/Src/main.c **** 
  86              		.loc 1 134 22 is_stmt 0 view .LVU11
  87 000e 0023     		movs	r3, #0
  88 0010 0393     		str	r3, [sp, #12]
  89 0012 0493     		str	r3, [sp, #16]
  90 0014 0593     		str	r3, [sp, #20]
  91 0016 0693     		str	r3, [sp, #24]
  92 0018 0793     		str	r3, [sp, #28]
 138:Core/Src/main.c ****   __HAL_PWR_VOLTAGESCALING_CONFIG(PWR_REGULATOR_VOLTAGE_SCALE1);
  93              		.loc 1 138 3 is_stmt 1 view .LVU12
  94              	.LBB6:
 138:Core/Src/main.c ****   __HAL_PWR_VOLTAGESCALING_CONFIG(PWR_REGULATOR_VOLTAGE_SCALE1);
  95              		.loc 1 138 3 view .LVU13
  96 001a 0193     		str	r3, [sp, #4]
 138:Core/Src/main.c ****   __HAL_PWR_VOLTAGESCALING_CONFIG(PWR_REGULATOR_VOLTAGE_SCALE1);
  97              		.loc 1 138 3 view .LVU14
  98 001c 1E4A     		ldr	r2, .L9
  99 001e 116C     		ldr	r1, [r2, #64]
 100 0020 41F08051 		orr	r1, r1, #268435456
 101 0024 1164     		str	r1, [r2, #64]
 138:Core/Src/main.c ****   __HAL_PWR_VOLTAGESCALING_CONFIG(PWR_REGULATOR_VOLTAGE_SCALE1);
 102              		.loc 1 138 3 view .LVU15
 103 0026 126C     		ldr	r2, [r2, #64]
 104 0028 02F08052 		and	r2, r2, #268435456
 105 002c 0192     		str	r2, [sp, #4]
 138:Core/Src/main.c ****   __HAL_PWR_VOLTAGESCALING_CONFIG(PWR_REGULATOR_VOLTAGE_SCALE1);
 106              		.loc 1 138 3 view .LVU16
 107 002e 019A     		ldr	r2, [sp, #4]
 108              	.LBE6:
 138:Core/Src/main.c ****   __HAL_PWR_VOLTAGESCALING_CONFIG(PWR_REGULATOR_VOLTAGE_SCALE1);
 109              		.loc 1 138 3 view .LVU17
 139:Core/Src/main.c ****   /** Initializes the RCC Oscillators according to the specified parameters
 110              		.loc 1 139 3 view .LVU18
 111              	.LBB7:
 139:Core/Src/main.c ****   /** Initializes the RCC Oscillators according to the specified parameters
 112              		.loc 1 139 3 view .LVU19
 113 0030 0293     		str	r3, [sp, #8]
 139:Core/Src/main.c ****   /** Initializes the RCC Oscillators according to the specified parameters
 114              		.loc 1 139 3 view .LVU20
 115 0032 1A4B     		ldr	r3, .L9+4
 116 0034 1A68     		ldr	r2, [r3]
 117 0036 42F48042 		orr	r2, r2, #16384
ARM GAS  C:\Users\Kuna\AppData\Local\Temp\ccTduHdk.s 			page 9


 118 003a 1A60     		str	r2, [r3]
 139:Core/Src/main.c ****   /** Initializes the RCC Oscillators according to the specified parameters
 119              		.loc 1 139 3 view .LVU21
 120 003c 1B68     		ldr	r3, [r3]
 121 003e 03F48043 		and	r3, r3, #16384
 122 0042 0293     		str	r3, [sp, #8]
 139:Core/Src/main.c ****   /** Initializes the RCC Oscillators according to the specified parameters
 123              		.loc 1 139 3 view .LVU22
 124 0044 029B     		ldr	r3, [sp, #8]
 125              	.LBE7:
 139:Core/Src/main.c ****   /** Initializes the RCC Oscillators according to the specified parameters
 126              		.loc 1 139 3 view .LVU23
 143:Core/Src/main.c ****   RCC_OscInitStruct.HSEState = RCC_HSE_ON;
 127              		.loc 1 143 3 view .LVU24
 143:Core/Src/main.c ****   RCC_OscInitStruct.HSEState = RCC_HSE_ON;
 128              		.loc 1 143 36 is_stmt 0 view .LVU25
 129 0046 0123     		movs	r3, #1
 130 0048 0893     		str	r3, [sp, #32]
 144:Core/Src/main.c ****   RCC_OscInitStruct.PLL.PLLState = RCC_PLL_ON;
 131              		.loc 1 144 3 is_stmt 1 view .LVU26
 144:Core/Src/main.c ****   RCC_OscInitStruct.PLL.PLLState = RCC_PLL_ON;
 132              		.loc 1 144 30 is_stmt 0 view .LVU27
 133 004a 4FF48033 		mov	r3, #65536
 134 004e 0993     		str	r3, [sp, #36]
 145:Core/Src/main.c ****   RCC_OscInitStruct.PLL.PLLSource = RCC_PLLSOURCE_HSE;
 135              		.loc 1 145 3 is_stmt 1 view .LVU28
 145:Core/Src/main.c ****   RCC_OscInitStruct.PLL.PLLSource = RCC_PLLSOURCE_HSE;
 136              		.loc 1 145 34 is_stmt 0 view .LVU29
 137 0050 0222     		movs	r2, #2
 138 0052 0E92     		str	r2, [sp, #56]
 146:Core/Src/main.c ****   RCC_OscInitStruct.PLL.PLLM = 4;
 139              		.loc 1 146 3 is_stmt 1 view .LVU30
 146:Core/Src/main.c ****   RCC_OscInitStruct.PLL.PLLM = 4;
 140              		.loc 1 146 35 is_stmt 0 view .LVU31
 141 0054 4FF48003 		mov	r3, #4194304
 142 0058 0F93     		str	r3, [sp, #60]
 147:Core/Src/main.c ****   RCC_OscInitStruct.PLL.PLLN = 72;
 143              		.loc 1 147 3 is_stmt 1 view .LVU32
 147:Core/Src/main.c ****   RCC_OscInitStruct.PLL.PLLN = 72;
 144              		.loc 1 147 30 is_stmt 0 view .LVU33
 145 005a 0423     		movs	r3, #4
 146 005c 1093     		str	r3, [sp, #64]
 148:Core/Src/main.c ****   RCC_OscInitStruct.PLL.PLLP = RCC_PLLP_DIV2;
 147              		.loc 1 148 3 is_stmt 1 view .LVU34
 148:Core/Src/main.c ****   RCC_OscInitStruct.PLL.PLLP = RCC_PLLP_DIV2;
 148              		.loc 1 148 30 is_stmt 0 view .LVU35
 149 005e 4821     		movs	r1, #72
 150 0060 1191     		str	r1, [sp, #68]
 149:Core/Src/main.c ****   RCC_OscInitStruct.PLL.PLLQ = 4;
 151              		.loc 1 149 3 is_stmt 1 view .LVU36
 149:Core/Src/main.c ****   RCC_OscInitStruct.PLL.PLLQ = 4;
 152              		.loc 1 149 30 is_stmt 0 view .LVU37
 153 0062 1292     		str	r2, [sp, #72]
 150:Core/Src/main.c ****   if (HAL_RCC_OscConfig(&RCC_OscInitStruct) != HAL_OK)
 154              		.loc 1 150 3 is_stmt 1 view .LVU38
 150:Core/Src/main.c ****   if (HAL_RCC_OscConfig(&RCC_OscInitStruct) != HAL_OK)
 155              		.loc 1 150 30 is_stmt 0 view .LVU39
ARM GAS  C:\Users\Kuna\AppData\Local\Temp\ccTduHdk.s 			page 10


 156 0064 1393     		str	r3, [sp, #76]
 151:Core/Src/main.c ****   {
 157              		.loc 1 151 3 is_stmt 1 view .LVU40
 151:Core/Src/main.c ****   {
 158              		.loc 1 151 7 is_stmt 0 view .LVU41
 159 0066 08A8     		add	r0, sp, #32
 160 0068 FFF7FEFF 		bl	HAL_RCC_OscConfig
 161              	.LVL1:
 151:Core/Src/main.c ****   {
 162              		.loc 1 151 6 view .LVU42
 163 006c 80B9     		cbnz	r0, .L7
 157:Core/Src/main.c ****                               |RCC_CLOCKTYPE_PCLK1|RCC_CLOCKTYPE_PCLK2;
 164              		.loc 1 157 3 is_stmt 1 view .LVU43
 157:Core/Src/main.c ****                               |RCC_CLOCKTYPE_PCLK1|RCC_CLOCKTYPE_PCLK2;
 165              		.loc 1 157 31 is_stmt 0 view .LVU44
 166 006e 0F23     		movs	r3, #15
 167 0070 0393     		str	r3, [sp, #12]
 159:Core/Src/main.c ****   RCC_ClkInitStruct.AHBCLKDivider = RCC_SYSCLK_DIV1;
 168              		.loc 1 159 3 is_stmt 1 view .LVU45
 159:Core/Src/main.c ****   RCC_ClkInitStruct.AHBCLKDivider = RCC_SYSCLK_DIV1;
 169              		.loc 1 159 34 is_stmt 0 view .LVU46
 170 0072 0221     		movs	r1, #2
 171 0074 0491     		str	r1, [sp, #16]
 160:Core/Src/main.c ****   RCC_ClkInitStruct.APB1CLKDivider = RCC_HCLK_DIV2;
 172              		.loc 1 160 3 is_stmt 1 view .LVU47
 160:Core/Src/main.c ****   RCC_ClkInitStruct.APB1CLKDivider = RCC_HCLK_DIV2;
 173              		.loc 1 160 35 is_stmt 0 view .LVU48
 174 0076 0023     		movs	r3, #0
 175 0078 0593     		str	r3, [sp, #20]
 161:Core/Src/main.c ****   RCC_ClkInitStruct.APB2CLKDivider = RCC_HCLK_DIV1;
 176              		.loc 1 161 3 is_stmt 1 view .LVU49
 161:Core/Src/main.c ****   RCC_ClkInitStruct.APB2CLKDivider = RCC_HCLK_DIV1;
 177              		.loc 1 161 36 is_stmt 0 view .LVU50
 178 007a 4FF48052 		mov	r2, #4096
 179 007e 0692     		str	r2, [sp, #24]
 162:Core/Src/main.c **** 
 180              		.loc 1 162 3 is_stmt 1 view .LVU51
 162:Core/Src/main.c **** 
 181              		.loc 1 162 36 is_stmt 0 view .LVU52
 182 0080 0793     		str	r3, [sp, #28]
 164:Core/Src/main.c ****   {
 183              		.loc 1 164 3 is_stmt 1 view .LVU53
 164:Core/Src/main.c ****   {
 184              		.loc 1 164 7 is_stmt 0 view .LVU54
 185 0082 03A8     		add	r0, sp, #12
 186 0084 FFF7FEFF 		bl	HAL_RCC_ClockConfig
 187              	.LVL2:
 164:Core/Src/main.c ****   {
 188              		.loc 1 164 6 view .LVU55
 189 0088 20B9     		cbnz	r0, .L8
 168:Core/Src/main.c **** 
 190              		.loc 1 168 1 view .LVU56
 191 008a 15B0     		add	sp, sp, #84
 192              	.LCFI2:
 193              		.cfi_remember_state
 194              		.cfi_def_cfa_offset 4
 195              		@ sp needed
ARM GAS  C:\Users\Kuna\AppData\Local\Temp\ccTduHdk.s 			page 11


 196 008c 5DF804FB 		ldr	pc, [sp], #4
 197              	.L7:
 198              	.LCFI3:
 199              		.cfi_restore_state
 153:Core/Src/main.c ****   }
 200              		.loc 1 153 5 is_stmt 1 view .LVU57
 201 0090 FFF7FEFF 		bl	Error_Handler
 202              	.LVL3:
 203              	.L8:
 166:Core/Src/main.c ****   }
 204              		.loc 1 166 5 view .LVU58
 205 0094 FFF7FEFF 		bl	Error_Handler
 206              	.LVL4:
 207              	.L10:
 208              		.align	2
 209              	.L9:
 210 0098 00380240 		.word	1073887232
 211 009c 00700040 		.word	1073770496
 212              		.cfi_endproc
 213              	.LFE131:
 215              		.section	.text.main,"ax",%progbits
 216              		.align	1
 217              		.global	main
 218              		.syntax unified
 219              		.thumb
 220              		.thumb_func
 222              	main:
 223              	.LFB130:
  57:Core/Src/main.c ****   HAL_Init();
 224              		.loc 1 57 15 view -0
 225              		.cfi_startproc
 226              		@ Volatile: function does not return.
 227              		@ args = 0, pretend = 0, frame = 0
 228              		@ frame_needed = 0, uses_anonymous_args = 0
 229 0000 08B5     		push	{r3, lr}
 230              	.LCFI4:
 231              		.cfi_def_cfa_offset 8
 232              		.cfi_offset 3, -8
 233              		.cfi_offset 14, -4
  58:Core/Src/main.c ****   SystemClock_Config();
 234              		.loc 1 58 3 view .LVU60
 235 0002 FFF7FEFF 		bl	HAL_Init
 236              	.LVL5:
  59:Core/Src/main.c ****   MX_TIM2_Init();
 237              		.loc 1 59 3 view .LVU61
 238 0006 FFF7FEFF 		bl	SystemClock_Config
 239              	.LVL6:
  60:Core/Src/main.c ****   HAL_TIM_Base_Start_IT(&htim2);
 240              		.loc 1 60 3 view .LVU62
 241 000a FFF7FEFF 		bl	MX_TIM2_Init
 242              	.LVL7:
  61:Core/Src/main.c ****   MX_GPIO_Init();
 243              		.loc 1 61 3 view .LVU63
 244 000e 1748     		ldr	r0, .L14
 245 0010 FFF7FEFF 		bl	HAL_TIM_Base_Start_IT
 246              	.LVL8:
  62:Core/Src/main.c **** 
ARM GAS  C:\Users\Kuna\AppData\Local\Temp\ccTduHdk.s 			page 12


 247              		.loc 1 62 3 view .LVU64
 248 0014 FFF7FEFF 		bl	MX_GPIO_Init
 249              	.LVL9:
 250              	.L12:
  64:Core/Src/main.c **** 
 251              		.loc 1 64 3 discriminator 1 view .LVU65
  66:Core/Src/main.c ****     gpio_led_state( LED3_ORANGE_ID , 1); // turn on
 252              		.loc 1 66 5 discriminator 1 view .LVU66
 253 0018 4FF47A70 		mov	r0, #1000
 254 001c FFF7FEFF 		bl	timer2_wait_millisec
 255              	.LVL10:
  67:Core/Src/main.c ****     gpio_led_state( LED4_GREEN_ID , 1); // turn on
 256              		.loc 1 67 5 discriminator 1 view .LVU67
 257 0020 0121     		movs	r1, #1
 258 0022 0846     		mov	r0, r1
 259 0024 FFF7FEFF 		bl	gpio_led_state
 260              	.LVL11:
  68:Core/Src/main.c ****     gpio_led_state( LED5_RED_ID , 0); // turn off
 261              		.loc 1 68 5 discriminator 1 view .LVU68
 262 0028 0121     		movs	r1, #1
 263 002a 0220     		movs	r0, #2
 264 002c FFF7FEFF 		bl	gpio_led_state
 265              	.LVL12:
  69:Core/Src/main.c ****     gpio_led_state( LED6_BLUE_ID , 0); // turn off
 266              		.loc 1 69 5 discriminator 1 view .LVU69
 267 0030 0021     		movs	r1, #0
 268 0032 0320     		movs	r0, #3
 269 0034 FFF7FEFF 		bl	gpio_led_state
 270              	.LVL13:
  70:Core/Src/main.c **** 
 271              		.loc 1 70 5 discriminator 1 view .LVU70
 272 0038 0021     		movs	r1, #0
 273 003a 0420     		movs	r0, #4
 274 003c FFF7FEFF 		bl	gpio_led_state
 275              	.LVL14:
  72:Core/Src/main.c ****     gpio_led_state( LED3_ORANGE_ID , 0); // turn off
 276              		.loc 1 72 5 discriminator 1 view .LVU71
 277 0040 4FF47A70 		mov	r0, #1000
 278 0044 FFF7FEFF 		bl	timer2_wait_millisec
 279              	.LVL15:
  73:Core/Src/main.c ****     gpio_led_state( LED4_GREEN_ID , 0); // turn off
 280              		.loc 1 73 5 discriminator 1 view .LVU72
 281 0048 0021     		movs	r1, #0
 282 004a 0120     		movs	r0, #1
 283 004c FFF7FEFF 		bl	gpio_led_state
 284              	.LVL16:
  74:Core/Src/main.c ****     gpio_led_state( LED5_RED_ID , 1); // turn on
 285              		.loc 1 74 5 discriminator 1 view .LVU73
 286 0050 0021     		movs	r1, #0
 287 0052 0220     		movs	r0, #2
 288 0054 FFF7FEFF 		bl	gpio_led_state
 289              	.LVL17:
  75:Core/Src/main.c ****     gpio_led_state( LED6_BLUE_ID , 1); // turn on
 290              		.loc 1 75 5 discriminator 1 view .LVU74
 291 0058 0121     		movs	r1, #1
 292 005a 0320     		movs	r0, #3
 293 005c FFF7FEFF 		bl	gpio_led_state
ARM GAS  C:\Users\Kuna\AppData\Local\Temp\ccTduHdk.s 			page 13


 294              	.LVL18:
  76:Core/Src/main.c ****   }
 295              		.loc 1 76 5 discriminator 1 view .LVU75
 296 0060 0121     		movs	r1, #1
 297 0062 0420     		movs	r0, #4
 298 0064 FFF7FEFF 		bl	gpio_led_state
 299              	.LVL19:
  64:Core/Src/main.c **** 
 300              		.loc 1 64 8 discriminator 1 view .LVU76
 301 0068 D6E7     		b	.L12
 302              	.L15:
 303 006a 00BF     		.align	2
 304              	.L14:
 305 006c 00000000 		.word	htim2
 306              		.cfi_endproc
 307              	.LFE130:
 309              		.text
 310              	.Letext0:
 311              		.file 3 "c:\\program files (x86)\\gnu arm embedded toolchain\\10 2021.10\\arm-none-eabi\\include\\
 312              		.file 4 "c:\\program files (x86)\\gnu arm embedded toolchain\\10 2021.10\\arm-none-eabi\\include\\
 313              		.file 5 "Drivers/CMSIS/Device/ST/STM32F4xx/Include/stm32f407xx.h"
 314              		.file 6 "Drivers/STM32F4xx_HAL_Driver/Inc/stm32f4xx_hal_def.h"
 315              		.file 7 "Drivers/STM32F4xx_HAL_Driver/Inc/stm32f4xx_hal_rcc_ex.h"
 316              		.file 8 "Drivers/STM32F4xx_HAL_Driver/Inc/stm32f4xx_hal_rcc.h"
 317              		.file 9 "Drivers/STM32F4xx_HAL_Driver/Inc/stm32f4xx_hal_dma.h"
 318              		.file 10 "Drivers/STM32F4xx_HAL_Driver/Inc/stm32f4xx_hal_tim.h"
 319              		.file 11 "Drivers/STM32F4xx_HAL_Driver/Inc/stm32f4xx_hal.h"
 320              		.file 12 "Core/Inc/tim.h"
 321              		.file 13 "Core/Inc/gpio.h"
 322              		.file 14 "<built-in>"
ARM GAS  C:\Users\Kuna\AppData\Local\Temp\ccTduHdk.s 			page 14


DEFINED SYMBOLS
                            *ABS*:00000000 main.c
C:\Users\Kuna\AppData\Local\Temp\ccTduHdk.s:20     .text.Error_Handler:00000000 $t
C:\Users\Kuna\AppData\Local\Temp\ccTduHdk.s:26     .text.Error_Handler:00000000 Error_Handler
C:\Users\Kuna\AppData\Local\Temp\ccTduHdk.s:59     .text.SystemClock_Config:00000000 $t
C:\Users\Kuna\AppData\Local\Temp\ccTduHdk.s:65     .text.SystemClock_Config:00000000 SystemClock_Config
C:\Users\Kuna\AppData\Local\Temp\ccTduHdk.s:210    .text.SystemClock_Config:00000098 $d
C:\Users\Kuna\AppData\Local\Temp\ccTduHdk.s:216    .text.main:00000000 $t
C:\Users\Kuna\AppData\Local\Temp\ccTduHdk.s:222    .text.main:00000000 main
C:\Users\Kuna\AppData\Local\Temp\ccTduHdk.s:305    .text.main:0000006c $d

UNDEFINED SYMBOLS
memset
HAL_RCC_OscConfig
HAL_RCC_ClockConfig
HAL_Init
MX_TIM2_Init
HAL_TIM_Base_Start_IT
MX_GPIO_Init
timer2_wait_millisec
gpio_led_state
htim2
